0 info it worked if it ends with ok
1 verbose cli [ '/usr/bin/node',
1 verbose cli   '/usr/bin/npm',
1 verbose cli   'install',
1 verbose cli   'express-generator',
1 verbose cli   '-g' ]
2 info using npm@3.5.2
3 info using node@v8.10.0
4 silly loadCurrentTree Starting
5 silly install loadCurrentTree
6 silly install readGlobalPackageData
7 silly fetchPackageMetaData express-generator
8 silly fetchNamedPackageData express-generator
9 silly mapToRegistry name express-generator
10 silly mapToRegistry using default registry
11 silly mapToRegistry registry https://registry.npmjs.org/
12 silly mapToRegistry uri https://registry.npmjs.org/express-generator
13 verbose request uri https://registry.npmjs.org/express-generator
14 verbose request no auth needed
15 info attempt registry request try #1 at 11:11:27 AM
16 verbose request id 05fd939c8694a4bc
17 verbose etag W/"219eacc8bc156565c9899b0ca64a4e20"
18 verbose lastModified Sat, 11 Aug 2018 11:38:33 GMT
19 http request GET https://registry.npmjs.org/express-generator
20 http 304 https://registry.npmjs.org/express-generator
21 verbose headers { date: 'Sat, 10 Nov 2018 17:11:28 GMT',
21 verbose headers   connection: 'keep-alive',
21 verbose headers   'set-cookie':
21 verbose headers    [ '__cfduid=dd3c650844673e4316465a6187163249e1541869888; expires=Sun, 10-Nov-19 17:11:28 GMT; path=/; domain=.registry.npmjs.org; HttpOnly' ],
21 verbose headers   'cf-cache-status': 'HIT',
21 verbose headers   'cache-control': 'max-age=300',
21 verbose headers   'cf-ray': '477a23724d7c2e7b-MIA',
21 verbose headers   etag: '"219eacc8bc156565c9899b0ca64a4e20"',
21 verbose headers   'expect-ct': 'max-age=604800, report-uri="https://report-uri.cloudflare.com/cdn-cgi/beacon/expect-ct"',
21 verbose headers   'last-modified': 'Sat, 11 Aug 2018 11:38:33 GMT',
21 verbose headers   vary: 'accept-encoding, accept',
21 verbose headers   server: 'cloudflare' }
22 silly get cb [ 304,
22 silly get   { date: 'Sat, 10 Nov 2018 17:11:28 GMT',
22 silly get     connection: 'keep-alive',
22 silly get     'set-cookie':
22 silly get      [ '__cfduid=dd3c650844673e4316465a6187163249e1541869888; expires=Sun, 10-Nov-19 17:11:28 GMT; path=/; domain=.registry.npmjs.org; HttpOnly' ],
22 silly get     'cf-cache-status': 'HIT',
22 silly get     'cache-control': 'max-age=300',
22 silly get     'cf-ray': '477a23724d7c2e7b-MIA',
22 silly get     etag: '"219eacc8bc156565c9899b0ca64a4e20"',
22 silly get     'expect-ct': 'max-age=604800, report-uri="https://report-uri.cloudflare.com/cdn-cgi/beacon/expect-ct"',
22 silly get     'last-modified': 'Sat, 11 Aug 2018 11:38:33 GMT',
22 silly get     vary: 'accept-encoding, accept',
22 silly get     server: 'cloudflare' } ]
23 verbose etag https://registry.npmjs.org/express-generator from cache
24 verbose get saving express-generator to /home/fernando/.npm/registry.npmjs.org/express-generator/.cache.json
25 silly install normalizeTree
26 silly loadCurrentTree Finishing
27 silly loadIdealTree Starting
28 silly install loadIdealTree
29 silly cloneCurrentTree Starting
30 silly install cloneCurrentTreeToIdealTree
31 silly cloneCurrentTree Finishing
32 silly loadShrinkwrap Starting
33 silly install loadShrinkwrap
34 silly loadShrinkwrap Finishing
35 silly loadAllDepsIntoIdealTree Starting
36 silly install loadAllDepsIntoIdealTree
37 silly resolveWithNewModule express-generator@4.16.0 checking installable status
38 silly cache add args [ 'express-generator', null ]
39 verbose cache add spec express-generator
40 silly cache add parsed spec Result {
40 silly cache add   raw: 'express-generator',
40 silly cache add   scope: null,
40 silly cache add   name: 'express-generator',
40 silly cache add   rawSpec: '',
40 silly cache add   spec: 'latest',
40 silly cache add   type: 'tag' }
41 silly addNamed express-generator@latest
42 verbose addNamed "latest" is being treated as a dist-tag for express-generator
43 info addNameTag [ 'express-generator', 'latest' ]
44 silly mapToRegistry name express-generator
45 silly mapToRegistry using default registry
46 silly mapToRegistry registry https://registry.npmjs.org/
47 silly mapToRegistry uri https://registry.npmjs.org/express-generator
48 verbose addNameTag registry:https://registry.npmjs.org/express-generator not in flight; fetching
49 verbose get https://registry.npmjs.org/express-generator not expired, no request
50 silly addNameTag next cb for express-generator with tag latest
51 silly addNamed express-generator@4.16.0
52 verbose addNamed "4.16.0" is a plain semver version for express-generator
53 silly cache afterAdd express-generator@4.16.0
54 verbose afterAdd /home/fernando/.npm/express-generator/4.16.0/package/package.json not in flight; writing
55 verbose afterAdd /home/fernando/.npm/express-generator/4.16.0/package/package.json written
56 silly fetchNamedPackageData commander
57 silly mapToRegistry name commander
58 silly mapToRegistry using default registry
59 silly mapToRegistry registry https://registry.npmjs.org/
60 silly mapToRegistry uri https://registry.npmjs.org/commander
61 silly fetchNamedPackageData ejs
62 silly mapToRegistry name ejs
63 silly mapToRegistry using default registry
64 silly mapToRegistry registry https://registry.npmjs.org/
65 silly mapToRegistry uri https://registry.npmjs.org/ejs
66 silly fetchNamedPackageData minimatch
67 silly mapToRegistry name minimatch
68 silly mapToRegistry using default registry
69 silly mapToRegistry registry https://registry.npmjs.org/
70 silly mapToRegistry uri https://registry.npmjs.org/minimatch
71 silly fetchNamedPackageData mkdirp
72 silly mapToRegistry name mkdirp
73 silly mapToRegistry using default registry
74 silly mapToRegistry registry https://registry.npmjs.org/
75 silly mapToRegistry uri https://registry.npmjs.org/mkdirp
76 silly fetchNamedPackageData sorted-object
77 silly mapToRegistry name sorted-object
78 silly mapToRegistry using default registry
79 silly mapToRegistry registry https://registry.npmjs.org/
80 silly mapToRegistry uri https://registry.npmjs.org/sorted-object
81 verbose request uri https://registry.npmjs.org/commander
82 verbose request no auth needed
83 info attempt registry request try #1 at 11:11:28 AM
84 verbose etag W/"88d6739e495c6316f90ffd5547b5d535"
85 verbose lastModified Mon, 08 Oct 2018 21:51:18 GMT
86 http request GET https://registry.npmjs.org/commander
87 verbose request uri https://registry.npmjs.org/ejs
88 verbose request no auth needed
89 info attempt registry request try #1 at 11:11:28 AM
90 verbose etag W/"17682c484328abcd2ddf27bad35a86eb"
91 verbose lastModified Sat, 26 May 2018 22:51:16 GMT
92 http request GET https://registry.npmjs.org/ejs
93 verbose request uri https://registry.npmjs.org/minimatch
94 verbose request no auth needed
95 info attempt registry request try #1 at 11:11:28 AM
96 verbose etag W/"6e7e7da96df71be2863b8b8d1fcb5152"
97 verbose lastModified Sun, 27 May 2018 08:07:30 GMT
98 http request GET https://registry.npmjs.org/minimatch
99 verbose request uri https://registry.npmjs.org/mkdirp
100 verbose request no auth needed
101 info attempt registry request try #1 at 11:11:28 AM
102 verbose etag "19ec0f65707a7bfc280c1ea2987930d8"
103 verbose lastModified Wed, 29 Aug 2018 02:22:27 GMT
104 http request GET https://registry.npmjs.org/mkdirp
105 verbose request uri https://registry.npmjs.org/sorted-object
106 verbose request no auth needed
107 info attempt registry request try #1 at 11:11:28 AM
108 verbose etag W/"ea98145528816e58739d28c9c9bc4e4f"
109 verbose lastModified Sun, 27 May 2018 17:50:35 GMT
110 http request GET https://registry.npmjs.org/sorted-object
111 http 304 https://registry.npmjs.org/commander
112 verbose headers { date: 'Sat, 10 Nov 2018 17:11:28 GMT',
112 verbose headers   connection: 'keep-alive',
112 verbose headers   'set-cookie':
112 verbose headers    [ '__cfduid=dd3c650844673e4316465a6187163249e1541869888; expires=Sun, 10-Nov-19 17:11:28 GMT; path=/; domain=.registry.npmjs.org; HttpOnly' ],
112 verbose headers   'cf-cache-status': 'HIT',
112 verbose headers   'cache-control': 'max-age=300',
112 verbose headers   'cf-ray': '477a2374ff5c2e7b-MIA',
112 verbose headers   etag: '"88d6739e495c6316f90ffd5547b5d535"',
112 verbose headers   'expect-ct': 'max-age=604800, report-uri="https://report-uri.cloudflare.com/cdn-cgi/beacon/expect-ct"',
112 verbose headers   'last-modified': 'Mon, 08 Oct 2018 21:51:18 GMT',
112 verbose headers   vary: 'accept-encoding, accept',
112 verbose headers   'x-amz-meta-rev': '1315-86097ba9d23459ecf22ca91f1442f790',
112 verbose headers   server: 'cloudflare' }
113 silly get cb [ 304,
113 silly get   { date: 'Sat, 10 Nov 2018 17:11:28 GMT',
113 silly get     connection: 'keep-alive',
113 silly get     'set-cookie':
113 silly get      [ '__cfduid=dd3c650844673e4316465a6187163249e1541869888; expires=Sun, 10-Nov-19 17:11:28 GMT; path=/; domain=.registry.npmjs.org; HttpOnly' ],
113 silly get     'cf-cache-status': 'HIT',
113 silly get     'cache-control': 'max-age=300',
113 silly get     'cf-ray': '477a2374ff5c2e7b-MIA',
113 silly get     etag: '"88d6739e495c6316f90ffd5547b5d535"',
113 silly get     'expect-ct': 'max-age=604800, report-uri="https://report-uri.cloudflare.com/cdn-cgi/beacon/expect-ct"',
113 silly get     'last-modified': 'Mon, 08 Oct 2018 21:51:18 GMT',
113 silly get     vary: 'accept-encoding, accept',
113 silly get     'x-amz-meta-rev': '1315-86097ba9d23459ecf22ca91f1442f790',
113 silly get     server: 'cloudflare' } ]
114 verbose etag https://registry.npmjs.org/commander from cache
115 verbose get saving commander to /home/fernando/.npm/registry.npmjs.org/commander/.cache.json
116 silly resolveWithNewModule commander@2.13.0 checking installable status
117 silly cache add args [ 'commander@2.13.0', null ]
118 verbose cache add spec commander@2.13.0
119 silly cache add parsed spec Result {
119 silly cache add   raw: 'commander@2.13.0',
119 silly cache add   scope: null,
119 silly cache add   name: 'commander',
119 silly cache add   rawSpec: '2.13.0',
119 silly cache add   spec: '2.13.0',
119 silly cache add   type: 'version' }
120 silly addNamed commander@2.13.0
121 verbose addNamed "2.13.0" is a plain semver version for commander
122 silly mapToRegistry name commander
123 silly mapToRegistry using default registry
124 silly mapToRegistry registry https://registry.npmjs.org/
125 silly mapToRegistry uri https://registry.npmjs.org/commander
126 verbose addNameVersion registry:https://registry.npmjs.org/commander not in flight; fetching
127 verbose get https://registry.npmjs.org/commander not expired, no request
128 silly cache afterAdd commander@2.13.0
129 verbose afterAdd /home/fernando/.npm/commander/2.13.0/package/package.json not in flight; writing
130 verbose afterAdd /home/fernando/.npm/commander/2.13.0/package/package.json written
131 http 304 https://registry.npmjs.org/sorted-object
132 verbose headers { date: 'Sat, 10 Nov 2018 17:11:29 GMT',
132 verbose headers   connection: 'keep-alive',
132 verbose headers   'set-cookie':
132 verbose headers    [ '__cfduid=db8b0262cab9dfc8e3f690d21b0ad833e1541869889; expires=Sun, 10-Nov-19 17:11:29 GMT; path=/; domain=.registry.npmjs.org; HttpOnly' ],
132 verbose headers   'cf-cache-status': 'HIT',
132 verbose headers   'cache-control': 'max-age=300',
132 verbose headers   'cf-ray': '477a237679a32e7b-MIA',
132 verbose headers   etag: '"ea98145528816e58739d28c9c9bc4e4f"',
132 verbose headers   'expect-ct': 'max-age=604800, report-uri="https://report-uri.cloudflare.com/cdn-cgi/beacon/expect-ct"',
132 verbose headers   'last-modified': 'Sun, 27 May 2018 17:50:35 GMT',
132 verbose headers   vary: 'accept-encoding, accept',
132 verbose headers   server: 'cloudflare' }
133 silly get cb [ 304,
133 silly get   { date: 'Sat, 10 Nov 2018 17:11:29 GMT',
133 silly get     connection: 'keep-alive',
133 silly get     'set-cookie':
133 silly get      [ '__cfduid=db8b0262cab9dfc8e3f690d21b0ad833e1541869889; expires=Sun, 10-Nov-19 17:11:29 GMT; path=/; domain=.registry.npmjs.org; HttpOnly' ],
133 silly get     'cf-cache-status': 'HIT',
133 silly get     'cache-control': 'max-age=300',
133 silly get     'cf-ray': '477a237679a32e7b-MIA',
133 silly get     etag: '"ea98145528816e58739d28c9c9bc4e4f"',
133 silly get     'expect-ct': 'max-age=604800, report-uri="https://report-uri.cloudflare.com/cdn-cgi/beacon/expect-ct"',
133 silly get     'last-modified': 'Sun, 27 May 2018 17:50:35 GMT',
133 silly get     vary: 'accept-encoding, accept',
133 silly get     server: 'cloudflare' } ]
134 verbose etag https://registry.npmjs.org/sorted-object from cache
135 verbose get saving sorted-object to /home/fernando/.npm/registry.npmjs.org/sorted-object/.cache.json
136 http 304 https://registry.npmjs.org/mkdirp
137 verbose headers { date: 'Sat, 10 Nov 2018 17:11:29 GMT',
137 verbose headers   connection: 'keep-alive',
137 verbose headers   'set-cookie':
137 verbose headers    [ '__cfduid=df9aa84b854bf384dac68cda2932618be1541869889; expires=Sun, 10-Nov-19 17:11:29 GMT; path=/; domain=.registry.npmjs.org; HttpOnly' ],
137 verbose headers   'cf-cache-status': 'HIT',
137 verbose headers   'cache-control': 'max-age=300',
137 verbose headers   'cf-ray': '477a23767cc252c0-MIA',
137 verbose headers   etag: '"19ec0f65707a7bfc280c1ea2987930d8"',
137 verbose headers   'expect-ct': 'max-age=604800, report-uri="https://report-uri.cloudflare.com/cdn-cgi/beacon/expect-ct"',
137 verbose headers   'last-modified': 'Wed, 29 Aug 2018 02:22:27 GMT',
137 verbose headers   vary: 'accept-encoding, accept',
137 verbose headers   'x-amz-meta-rev': '446-c68b572886c7d6646d7ac814de0b9783',
137 verbose headers   server: 'cloudflare' }
138 silly get cb [ 304,
138 silly get   { date: 'Sat, 10 Nov 2018 17:11:29 GMT',
138 silly get     connection: 'keep-alive',
138 silly get     'set-cookie':
138 silly get      [ '__cfduid=df9aa84b854bf384dac68cda2932618be1541869889; expires=Sun, 10-Nov-19 17:11:29 GMT; path=/; domain=.registry.npmjs.org; HttpOnly' ],
138 silly get     'cf-cache-status': 'HIT',
138 silly get     'cache-control': 'max-age=300',
138 silly get     'cf-ray': '477a23767cc252c0-MIA',
138 silly get     etag: '"19ec0f65707a7bfc280c1ea2987930d8"',
138 silly get     'expect-ct': 'max-age=604800, report-uri="https://report-uri.cloudflare.com/cdn-cgi/beacon/expect-ct"',
138 silly get     'last-modified': 'Wed, 29 Aug 2018 02:22:27 GMT',
138 silly get     vary: 'accept-encoding, accept',
138 silly get     'x-amz-meta-rev': '446-c68b572886c7d6646d7ac814de0b9783',
138 silly get     server: 'cloudflare' } ]
139 verbose etag https://registry.npmjs.org/mkdirp from cache
140 verbose get saving mkdirp to /home/fernando/.npm/registry.npmjs.org/mkdirp/.cache.json
141 http 304 https://registry.npmjs.org/minimatch
142 verbose headers { date: 'Sat, 10 Nov 2018 17:11:29 GMT',
142 verbose headers   connection: 'keep-alive',
142 verbose headers   'set-cookie':
142 verbose headers    [ '__cfduid=d6b74e11fa5c4fad4dad653b31d98b3d91541869889; expires=Sun, 10-Nov-19 17:11:29 GMT; path=/; domain=.registry.npmjs.org; HttpOnly' ],
142 verbose headers   'cf-cache-status': 'HIT',
142 verbose headers   'cache-control': 'max-age=300',
142 verbose headers   'cf-ray': '477a23767eb42ec3-MIA',
142 verbose headers   etag: '"6e7e7da96df71be2863b8b8d1fcb5152"',
142 verbose headers   'expect-ct': 'max-age=604800, report-uri="https://report-uri.cloudflare.com/cdn-cgi/beacon/expect-ct"',
142 verbose headers   'last-modified': 'Sun, 27 May 2018 08:07:30 GMT',
142 verbose headers   vary: 'accept-encoding, accept',
142 verbose headers   server: 'cloudflare' }
143 silly get cb [ 304,
143 silly get   { date: 'Sat, 10 Nov 2018 17:11:29 GMT',
143 silly get     connection: 'keep-alive',
143 silly get     'set-cookie':
143 silly get      [ '__cfduid=d6b74e11fa5c4fad4dad653b31d98b3d91541869889; expires=Sun, 10-Nov-19 17:11:29 GMT; path=/; domain=.registry.npmjs.org; HttpOnly' ],
143 silly get     'cf-cache-status': 'HIT',
143 silly get     'cache-control': 'max-age=300',
143 silly get     'cf-ray': '477a23767eb42ec3-MIA',
143 silly get     etag: '"6e7e7da96df71be2863b8b8d1fcb5152"',
143 silly get     'expect-ct': 'max-age=604800, report-uri="https://report-uri.cloudflare.com/cdn-cgi/beacon/expect-ct"',
143 silly get     'last-modified': 'Sun, 27 May 2018 08:07:30 GMT',
143 silly get     vary: 'accept-encoding, accept',
143 silly get     server: 'cloudflare' } ]
144 verbose etag https://registry.npmjs.org/minimatch from cache
145 verbose get saving minimatch to /home/fernando/.npm/registry.npmjs.org/minimatch/.cache.json
146 http 304 https://registry.npmjs.org/ejs
147 verbose headers { date: 'Sat, 10 Nov 2018 17:11:29 GMT',
147 verbose headers   connection: 'keep-alive',
147 verbose headers   'set-cookie':
147 verbose headers    [ '__cfduid=d6b74e11fa5c4fad4dad653b31d98b3d91541869889; expires=Sun, 10-Nov-19 17:11:29 GMT; path=/; domain=.registry.npmjs.org; HttpOnly' ],
147 verbose headers   'cf-cache-status': 'HIT',
147 verbose headers   'cache-control': 'max-age=300',
147 verbose headers   'cf-ray': '477a23767eb52ec3-MIA',
147 verbose headers   etag: '"17682c484328abcd2ddf27bad35a86eb"',
147 verbose headers   'expect-ct': 'max-age=604800, report-uri="https://report-uri.cloudflare.com/cdn-cgi/beacon/expect-ct"',
147 verbose headers   'last-modified': 'Sat, 26 May 2018 22:51:16 GMT',
147 verbose headers   vary: 'accept-encoding, accept',
147 verbose headers   server: 'cloudflare' }
148 silly get cb [ 304,
148 silly get   { date: 'Sat, 10 Nov 2018 17:11:29 GMT',
148 silly get     connection: 'keep-alive',
148 silly get     'set-cookie':
148 silly get      [ '__cfduid=d6b74e11fa5c4fad4dad653b31d98b3d91541869889; expires=Sun, 10-Nov-19 17:11:29 GMT; path=/; domain=.registry.npmjs.org; HttpOnly' ],
148 silly get     'cf-cache-status': 'HIT',
148 silly get     'cache-control': 'max-age=300',
148 silly get     'cf-ray': '477a23767eb52ec3-MIA',
148 silly get     etag: '"17682c484328abcd2ddf27bad35a86eb"',
148 silly get     'expect-ct': 'max-age=604800, report-uri="https://report-uri.cloudflare.com/cdn-cgi/beacon/expect-ct"',
148 silly get     'last-modified': 'Sat, 26 May 2018 22:51:16 GMT',
148 silly get     vary: 'accept-encoding, accept',
148 silly get     server: 'cloudflare' } ]
149 verbose etag https://registry.npmjs.org/ejs from cache
150 verbose get saving ejs to /home/fernando/.npm/registry.npmjs.org/ejs/.cache.json
151 silly resolveWithNewModule sorted-object@2.0.1 checking installable status
152 silly cache add args [ 'sorted-object@2.0.1', null ]
153 verbose cache add spec sorted-object@2.0.1
154 silly cache add parsed spec Result {
154 silly cache add   raw: 'sorted-object@2.0.1',
154 silly cache add   scope: null,
154 silly cache add   name: 'sorted-object',
154 silly cache add   rawSpec: '2.0.1',
154 silly cache add   spec: '2.0.1',
154 silly cache add   type: 'version' }
155 silly addNamed sorted-object@2.0.1
156 verbose addNamed "2.0.1" is a plain semver version for sorted-object
157 silly mapToRegistry name sorted-object
158 silly mapToRegistry using default registry
159 silly mapToRegistry registry https://registry.npmjs.org/
160 silly mapToRegistry uri https://registry.npmjs.org/sorted-object
161 verbose addNameVersion registry:https://registry.npmjs.org/sorted-object not in flight; fetching
162 silly resolveWithNewModule mkdirp@0.5.1 checking installable status
163 silly cache add args [ 'mkdirp@0.5.1', null ]
164 verbose cache add spec mkdirp@0.5.1
165 silly cache add parsed spec Result {
165 silly cache add   raw: 'mkdirp@0.5.1',
165 silly cache add   scope: null,
165 silly cache add   name: 'mkdirp',
165 silly cache add   rawSpec: '0.5.1',
165 silly cache add   spec: '0.5.1',
165 silly cache add   type: 'version' }
166 silly addNamed mkdirp@0.5.1
167 verbose addNamed "0.5.1" is a plain semver version for mkdirp
168 silly mapToRegistry name mkdirp
169 silly mapToRegistry using default registry
170 silly mapToRegistry registry https://registry.npmjs.org/
171 silly mapToRegistry uri https://registry.npmjs.org/mkdirp
172 verbose addNameVersion registry:https://registry.npmjs.org/mkdirp not in flight; fetching
173 silly resolveWithNewModule minimatch@3.0.4 checking installable status
174 silly cache add args [ 'minimatch@3.0.4', null ]
175 verbose cache add spec minimatch@3.0.4
176 silly cache add parsed spec Result {
176 silly cache add   raw: 'minimatch@3.0.4',
176 silly cache add   scope: null,
176 silly cache add   name: 'minimatch',
176 silly cache add   rawSpec: '3.0.4',
176 silly cache add   spec: '3.0.4',
176 silly cache add   type: 'version' }
177 silly addNamed minimatch@3.0.4
178 verbose addNamed "3.0.4" is a plain semver version for minimatch
179 silly mapToRegistry name minimatch
180 silly mapToRegistry using default registry
181 silly mapToRegistry registry https://registry.npmjs.org/
182 silly mapToRegistry uri https://registry.npmjs.org/minimatch
183 verbose addNameVersion registry:https://registry.npmjs.org/minimatch not in flight; fetching
184 silly resolveWithNewModule ejs@2.5.7 checking installable status
185 silly cache add args [ 'ejs@2.5.7', null ]
186 verbose cache add spec ejs@2.5.7
187 silly cache add parsed spec Result {
187 silly cache add   raw: 'ejs@2.5.7',
187 silly cache add   scope: null,
187 silly cache add   name: 'ejs',
187 silly cache add   rawSpec: '2.5.7',
187 silly cache add   spec: '2.5.7',
187 silly cache add   type: 'version' }
188 silly addNamed ejs@2.5.7
189 verbose addNamed "2.5.7" is a plain semver version for ejs
190 silly mapToRegistry name ejs
191 silly mapToRegistry using default registry
192 silly mapToRegistry registry https://registry.npmjs.org/
193 silly mapToRegistry uri https://registry.npmjs.org/ejs
194 verbose addNameVersion registry:https://registry.npmjs.org/ejs not in flight; fetching
195 verbose get https://registry.npmjs.org/sorted-object not expired, no request
196 verbose get https://registry.npmjs.org/mkdirp not expired, no request
197 verbose get https://registry.npmjs.org/minimatch not expired, no request
198 verbose get https://registry.npmjs.org/ejs not expired, no request
199 silly cache afterAdd sorted-object@2.0.1
200 verbose afterAdd /home/fernando/.npm/sorted-object/2.0.1/package/package.json not in flight; writing
201 silly cache afterAdd minimatch@3.0.4
202 verbose afterAdd /home/fernando/.npm/minimatch/3.0.4/package/package.json not in flight; writing
203 silly cache afterAdd ejs@2.5.7
204 verbose afterAdd /home/fernando/.npm/ejs/2.5.7/package/package.json not in flight; writing
205 silly cache afterAdd mkdirp@0.5.1
206 verbose afterAdd /home/fernando/.npm/mkdirp/0.5.1/package/package.json not in flight; writing
207 verbose afterAdd /home/fernando/.npm/minimatch/3.0.4/package/package.json written
208 verbose afterAdd /home/fernando/.npm/ejs/2.5.7/package/package.json written
209 verbose afterAdd /home/fernando/.npm/mkdirp/0.5.1/package/package.json written
210 verbose afterAdd /home/fernando/.npm/sorted-object/2.0.1/package/package.json written
211 silly fetchNamedPackageData brace-expansion
212 silly mapToRegistry name brace-expansion
213 silly mapToRegistry using default registry
214 silly mapToRegistry registry https://registry.npmjs.org/
215 silly mapToRegistry uri https://registry.npmjs.org/brace-expansion
216 verbose request uri https://registry.npmjs.org/brace-expansion
217 verbose request no auth needed
218 info attempt registry request try #1 at 11:11:29 AM
219 verbose etag W/"e1bb7280c24dff102c3475d67515cff5"
220 verbose lastModified Sat, 26 May 2018 18:55:42 GMT
221 http request GET https://registry.npmjs.org/brace-expansion
222 http 304 https://registry.npmjs.org/brace-expansion
223 verbose headers { date: 'Sat, 10 Nov 2018 17:11:29 GMT',
223 verbose headers   connection: 'keep-alive',
223 verbose headers   'set-cookie':
223 verbose headers    [ '__cfduid=db8b0262cab9dfc8e3f690d21b0ad833e1541869889; expires=Sun, 10-Nov-19 17:11:29 GMT; path=/; domain=.registry.npmjs.org; HttpOnly' ],
223 verbose headers   'cf-cache-status': 'HIT',
223 verbose headers   'cache-control': 'max-age=300',
223 verbose headers   'cf-ray': '477a23783ac62e7b-MIA',
223 verbose headers   etag: '"e1bb7280c24dff102c3475d67515cff5"',
223 verbose headers   'expect-ct': 'max-age=604800, report-uri="https://report-uri.cloudflare.com/cdn-cgi/beacon/expect-ct"',
223 verbose headers   'last-modified': 'Sat, 26 May 2018 18:55:42 GMT',
223 verbose headers   vary: 'accept-encoding, accept',
223 verbose headers   server: 'cloudflare' }
224 silly get cb [ 304,
224 silly get   { date: 'Sat, 10 Nov 2018 17:11:29 GMT',
224 silly get     connection: 'keep-alive',
224 silly get     'set-cookie':
224 silly get      [ '__cfduid=db8b0262cab9dfc8e3f690d21b0ad833e1541869889; expires=Sun, 10-Nov-19 17:11:29 GMT; path=/; domain=.registry.npmjs.org; HttpOnly' ],
224 silly get     'cf-cache-status': 'HIT',
224 silly get     'cache-control': 'max-age=300',
224 silly get     'cf-ray': '477a23783ac62e7b-MIA',
224 silly get     etag: '"e1bb7280c24dff102c3475d67515cff5"',
224 silly get     'expect-ct': 'max-age=604800, report-uri="https://report-uri.cloudflare.com/cdn-cgi/beacon/expect-ct"',
224 silly get     'last-modified': 'Sat, 26 May 2018 18:55:42 GMT',
224 silly get     vary: 'accept-encoding, accept',
224 silly get     server: 'cloudflare' } ]
225 verbose etag https://registry.npmjs.org/brace-expansion from cache
226 verbose get saving brace-expansion to /home/fernando/.npm/registry.npmjs.org/brace-expansion/.cache.json
227 silly resolveWithNewModule brace-expansion@1.1.11 checking installable status
228 silly cache add args [ 'brace-expansion@^1.1.7', null ]
229 verbose cache add spec brace-expansion@^1.1.7
230 silly cache add parsed spec Result {
230 silly cache add   raw: 'brace-expansion@^1.1.7',
230 silly cache add   scope: null,
230 silly cache add   name: 'brace-expansion',
230 silly cache add   rawSpec: '^1.1.7',
230 silly cache add   spec: '>=1.1.7 <2.0.0',
230 silly cache add   type: 'range' }
231 silly addNamed brace-expansion@>=1.1.7 <2.0.0
232 verbose addNamed ">=1.1.7 <2.0.0" is a valid semver range for brace-expansion
233 silly addNameRange { name: 'brace-expansion',
233 silly addNameRange   range: '>=1.1.7 <2.0.0',
233 silly addNameRange   hasData: false }
234 silly mapToRegistry name brace-expansion
235 silly mapToRegistry using default registry
236 silly mapToRegistry registry https://registry.npmjs.org/
237 silly mapToRegistry uri https://registry.npmjs.org/brace-expansion
238 verbose addNameRange registry:https://registry.npmjs.org/brace-expansion not in flight; fetching
239 verbose get https://registry.npmjs.org/brace-expansion not expired, no request
240 silly addNameRange number 2 { name: 'brace-expansion',
240 silly addNameRange   range: '>=1.1.7 <2.0.0',
240 silly addNameRange   hasData: true }
241 silly addNameRange versions [ 'brace-expansion',
241 silly addNameRange   [ '0.0.0',
241 silly addNameRange     '1.0.0',
241 silly addNameRange     '1.0.1',
241 silly addNameRange     '1.1.0',
241 silly addNameRange     '1.1.1',
241 silly addNameRange     '1.1.2',
241 silly addNameRange     '1.1.3',
241 silly addNameRange     '1.1.4',
241 silly addNameRange     '1.1.5',
241 silly addNameRange     '1.1.6',
241 silly addNameRange     '1.1.7',
241 silly addNameRange     '1.1.8',
241 silly addNameRange     '1.1.9',
241 silly addNameRange     '1.1.10',
241 silly addNameRange     '1.1.11' ] ]
242 silly addNamed brace-expansion@1.1.11
243 verbose addNamed "1.1.11" is a plain semver version for brace-expansion
244 silly cache afterAdd brace-expansion@1.1.11
245 verbose afterAdd /home/fernando/.npm/brace-expansion/1.1.11/package/package.json not in flight; writing
246 verbose afterAdd /home/fernando/.npm/brace-expansion/1.1.11/package/package.json written
247 silly fetchNamedPackageData balanced-match
248 silly mapToRegistry name balanced-match
249 silly mapToRegistry using default registry
250 silly mapToRegistry registry https://registry.npmjs.org/
251 silly mapToRegistry uri https://registry.npmjs.org/balanced-match
252 silly fetchNamedPackageData concat-map
253 silly mapToRegistry name concat-map
254 silly mapToRegistry using default registry
255 silly mapToRegistry registry https://registry.npmjs.org/
256 silly mapToRegistry uri https://registry.npmjs.org/concat-map
257 verbose request uri https://registry.npmjs.org/balanced-match
258 verbose request no auth needed
259 info attempt registry request try #1 at 11:11:29 AM
260 verbose etag W/"768eec147806bc710f6b097c6384abbf"
261 verbose lastModified Sat, 26 May 2018 18:06:43 GMT
262 http request GET https://registry.npmjs.org/balanced-match
263 verbose request uri https://registry.npmjs.org/concat-map
264 verbose request no auth needed
265 info attempt registry request try #1 at 11:11:29 AM
266 verbose etag W/"94c413d99b46c784f563e6153e58a1d4"
267 verbose lastModified Sat, 26 May 2018 20:40:55 GMT
268 http request GET https://registry.npmjs.org/concat-map
269 http 304 https://registry.npmjs.org/balanced-match
270 verbose headers { date: 'Sat, 10 Nov 2018 17:11:29 GMT',
270 verbose headers   connection: 'keep-alive',
270 verbose headers   'set-cookie':
270 verbose headers    [ '__cfduid=db8b0262cab9dfc8e3f690d21b0ad833e1541869889; expires=Sun, 10-Nov-19 17:11:29 GMT; path=/; domain=.registry.npmjs.org; HttpOnly' ],
270 verbose headers   'cf-cache-status': 'HIT',
270 verbose headers   'cache-control': 'max-age=300',
270 verbose headers   'cf-ray': '477a2379fbf52e7b-MIA',
270 verbose headers   etag: '"768eec147806bc710f6b097c6384abbf"',
270 verbose headers   'expect-ct': 'max-age=604800, report-uri="https://report-uri.cloudflare.com/cdn-cgi/beacon/expect-ct"',
270 verbose headers   'last-modified': 'Sat, 26 May 2018 18:06:43 GMT',
270 verbose headers   vary: 'accept-encoding, accept',
270 verbose headers   server: 'cloudflare' }
271 silly get cb [ 304,
271 silly get   { date: 'Sat, 10 Nov 2018 17:11:29 GMT',
271 silly get     connection: 'keep-alive',
271 silly get     'set-cookie':
271 silly get      [ '__cfduid=db8b0262cab9dfc8e3f690d21b0ad833e1541869889; expires=Sun, 10-Nov-19 17:11:29 GMT; path=/; domain=.registry.npmjs.org; HttpOnly' ],
271 silly get     'cf-cache-status': 'HIT',
271 silly get     'cache-control': 'max-age=300',
271 silly get     'cf-ray': '477a2379fbf52e7b-MIA',
271 silly get     etag: '"768eec147806bc710f6b097c6384abbf"',
271 silly get     'expect-ct': 'max-age=604800, report-uri="https://report-uri.cloudflare.com/cdn-cgi/beacon/expect-ct"',
271 silly get     'last-modified': 'Sat, 26 May 2018 18:06:43 GMT',
271 silly get     vary: 'accept-encoding, accept',
271 silly get     server: 'cloudflare' } ]
272 verbose etag https://registry.npmjs.org/balanced-match from cache
273 verbose get saving balanced-match to /home/fernando/.npm/registry.npmjs.org/balanced-match/.cache.json
274 http 304 https://registry.npmjs.org/concat-map
275 verbose headers { date: 'Sat, 10 Nov 2018 17:11:29 GMT',
275 verbose headers   connection: 'keep-alive',
275 verbose headers   'set-cookie':
275 verbose headers    [ '__cfduid=df9aa84b854bf384dac68cda2932618be1541869889; expires=Sun, 10-Nov-19 17:11:29 GMT; path=/; domain=.registry.npmjs.org; HttpOnly' ],
275 verbose headers   'cf-cache-status': 'HIT',
275 verbose headers   'cache-control': 'max-age=300',
275 verbose headers   'cf-ray': '477a2379ff1752c0-MIA',
275 verbose headers   etag: '"94c413d99b46c784f563e6153e58a1d4"',
275 verbose headers   'expect-ct': 'max-age=604800, report-uri="https://report-uri.cloudflare.com/cdn-cgi/beacon/expect-ct"',
275 verbose headers   'last-modified': 'Sat, 26 May 2018 20:40:55 GMT',
275 verbose headers   vary: 'accept-encoding, accept',
275 verbose headers   server: 'cloudflare' }
276 silly get cb [ 304,
276 silly get   { date: 'Sat, 10 Nov 2018 17:11:29 GMT',
276 silly get     connection: 'keep-alive',
276 silly get     'set-cookie':
276 silly get      [ '__cfduid=df9aa84b854bf384dac68cda2932618be1541869889; expires=Sun, 10-Nov-19 17:11:29 GMT; path=/; domain=.registry.npmjs.org; HttpOnly' ],
276 silly get     'cf-cache-status': 'HIT',
276 silly get     'cache-control': 'max-age=300',
276 silly get     'cf-ray': '477a2379ff1752c0-MIA',
276 silly get     etag: '"94c413d99b46c784f563e6153e58a1d4"',
276 silly get     'expect-ct': 'max-age=604800, report-uri="https://report-uri.cloudflare.com/cdn-cgi/beacon/expect-ct"',
276 silly get     'last-modified': 'Sat, 26 May 2018 20:40:55 GMT',
276 silly get     vary: 'accept-encoding, accept',
276 silly get     server: 'cloudflare' } ]
277 verbose etag https://registry.npmjs.org/concat-map from cache
278 verbose get saving concat-map to /home/fernando/.npm/registry.npmjs.org/concat-map/.cache.json
279 silly resolveWithNewModule balanced-match@1.0.0 checking installable status
280 silly cache add args [ 'balanced-match@^1.0.0', null ]
281 verbose cache add spec balanced-match@^1.0.0
282 silly cache add parsed spec Result {
282 silly cache add   raw: 'balanced-match@^1.0.0',
282 silly cache add   scope: null,
282 silly cache add   name: 'balanced-match',
282 silly cache add   rawSpec: '^1.0.0',
282 silly cache add   spec: '>=1.0.0 <2.0.0',
282 silly cache add   type: 'range' }
283 silly addNamed balanced-match@>=1.0.0 <2.0.0
284 verbose addNamed ">=1.0.0 <2.0.0" is a valid semver range for balanced-match
285 silly addNameRange { name: 'balanced-match',
285 silly addNameRange   range: '>=1.0.0 <2.0.0',
285 silly addNameRange   hasData: false }
286 silly mapToRegistry name balanced-match
287 silly mapToRegistry using default registry
288 silly mapToRegistry registry https://registry.npmjs.org/
289 silly mapToRegistry uri https://registry.npmjs.org/balanced-match
290 verbose addNameRange registry:https://registry.npmjs.org/balanced-match not in flight; fetching
291 silly resolveWithNewModule concat-map@0.0.1 checking installable status
292 silly cache add args [ 'concat-map@0.0.1', null ]
293 verbose cache add spec concat-map@0.0.1
294 silly cache add parsed spec Result {
294 silly cache add   raw: 'concat-map@0.0.1',
294 silly cache add   scope: null,
294 silly cache add   name: 'concat-map',
294 silly cache add   rawSpec: '0.0.1',
294 silly cache add   spec: '0.0.1',
294 silly cache add   type: 'version' }
295 silly addNamed concat-map@0.0.1
296 verbose addNamed "0.0.1" is a plain semver version for concat-map
297 silly mapToRegistry name concat-map
298 silly mapToRegistry using default registry
299 silly mapToRegistry registry https://registry.npmjs.org/
300 silly mapToRegistry uri https://registry.npmjs.org/concat-map
301 verbose addNameVersion registry:https://registry.npmjs.org/concat-map not in flight; fetching
302 verbose get https://registry.npmjs.org/balanced-match not expired, no request
303 silly addNameRange number 2 { name: 'balanced-match',
303 silly addNameRange   range: '>=1.0.0 <2.0.0',
303 silly addNameRange   hasData: true }
304 silly addNameRange versions [ 'balanced-match',
304 silly addNameRange   [ '0.0.0',
304 silly addNameRange     '0.0.1',
304 silly addNameRange     '0.1.0',
304 silly addNameRange     '0.2.0',
304 silly addNameRange     '0.2.1',
304 silly addNameRange     '0.3.0',
304 silly addNameRange     '0.4.0',
304 silly addNameRange     '0.4.1',
304 silly addNameRange     '0.4.2',
304 silly addNameRange     '1.0.0' ] ]
305 silly addNamed balanced-match@1.0.0
306 verbose addNamed "1.0.0" is a plain semver version for balanced-match
307 verbose get https://registry.npmjs.org/concat-map not expired, no request
308 silly cache afterAdd balanced-match@1.0.0
309 verbose afterAdd /home/fernando/.npm/balanced-match/1.0.0/package/package.json not in flight; writing
310 silly cache afterAdd concat-map@0.0.1
311 verbose afterAdd /home/fernando/.npm/concat-map/0.0.1/package/package.json not in flight; writing
312 verbose afterAdd /home/fernando/.npm/balanced-match/1.0.0/package/package.json written
313 verbose afterAdd /home/fernando/.npm/concat-map/0.0.1/package/package.json written
314 silly fetchNamedPackageData minimist
315 silly mapToRegistry name minimist
316 silly mapToRegistry using default registry
317 silly mapToRegistry registry https://registry.npmjs.org/
318 silly mapToRegistry uri https://registry.npmjs.org/minimist
319 verbose request uri https://registry.npmjs.org/minimist
320 verbose request no auth needed
321 info attempt registry request try #1 at 11:11:29 AM
322 verbose etag W/"7d55e0b2272593789eb672d2ee231421"
323 verbose lastModified Thu, 27 Sep 2018 08:51:15 GMT
324 http request GET https://registry.npmjs.org/minimist
325 http 304 https://registry.npmjs.org/minimist
326 verbose headers { date: 'Sat, 10 Nov 2018 17:11:29 GMT',
326 verbose headers   connection: 'keep-alive',
326 verbose headers   'set-cookie':
326 verbose headers    [ '__cfduid=d6b74e11fa5c4fad4dad653b31d98b3d91541869889; expires=Sun, 10-Nov-19 17:11:29 GMT; path=/; domain=.registry.npmjs.org; HttpOnly' ],
326 verbose headers   'cf-cache-status': 'HIT',
326 verbose headers   'cache-control': 'max-age=300',
326 verbose headers   'cf-ray': '477a237af9a32ec3-MIA',
326 verbose headers   etag: '"7d55e0b2272593789eb672d2ee231421"',
326 verbose headers   'expect-ct': 'max-age=604800, report-uri="https://report-uri.cloudflare.com/cdn-cgi/beacon/expect-ct"',
326 verbose headers   'last-modified': 'Thu, 27 Sep 2018 08:51:15 GMT',
326 verbose headers   vary: 'accept-encoding, accept',
326 verbose headers   'x-amz-meta-rev': '552-74643d5de0aa7b335a0397f4286df41b',
326 verbose headers   server: 'cloudflare' }
327 silly get cb [ 304,
327 silly get   { date: 'Sat, 10 Nov 2018 17:11:29 GMT',
327 silly get     connection: 'keep-alive',
327 silly get     'set-cookie':
327 silly get      [ '__cfduid=d6b74e11fa5c4fad4dad653b31d98b3d91541869889; expires=Sun, 10-Nov-19 17:11:29 GMT; path=/; domain=.registry.npmjs.org; HttpOnly' ],
327 silly get     'cf-cache-status': 'HIT',
327 silly get     'cache-control': 'max-age=300',
327 silly get     'cf-ray': '477a237af9a32ec3-MIA',
327 silly get     etag: '"7d55e0b2272593789eb672d2ee231421"',
327 silly get     'expect-ct': 'max-age=604800, report-uri="https://report-uri.cloudflare.com/cdn-cgi/beacon/expect-ct"',
327 silly get     'last-modified': 'Thu, 27 Sep 2018 08:51:15 GMT',
327 silly get     vary: 'accept-encoding, accept',
327 silly get     'x-amz-meta-rev': '552-74643d5de0aa7b335a0397f4286df41b',
327 silly get     server: 'cloudflare' } ]
328 verbose etag https://registry.npmjs.org/minimist from cache
329 verbose get saving minimist to /home/fernando/.npm/registry.npmjs.org/minimist/.cache.json
330 silly resolveWithNewModule minimist@0.0.8 checking installable status
331 silly cache add args [ 'minimist@0.0.8', null ]
332 verbose cache add spec minimist@0.0.8
333 silly cache add parsed spec Result {
333 silly cache add   raw: 'minimist@0.0.8',
333 silly cache add   scope: null,
333 silly cache add   name: 'minimist',
333 silly cache add   rawSpec: '0.0.8',
333 silly cache add   spec: '0.0.8',
333 silly cache add   type: 'version' }
334 silly addNamed minimist@0.0.8
335 verbose addNamed "0.0.8" is a plain semver version for minimist
336 silly mapToRegistry name minimist
337 silly mapToRegistry using default registry
338 silly mapToRegistry registry https://registry.npmjs.org/
339 silly mapToRegistry uri https://registry.npmjs.org/minimist
340 verbose addNameVersion registry:https://registry.npmjs.org/minimist not in flight; fetching
341 verbose get https://registry.npmjs.org/minimist not expired, no request
342 silly cache afterAdd minimist@0.0.8
343 verbose afterAdd /home/fernando/.npm/minimist/0.0.8/package/package.json not in flight; writing
344 verbose afterAdd /home/fernando/.npm/minimist/0.0.8/package/package.json written
345 silly loadAllDepsIntoIdealTree Finishing
346 silly idealTree:prePrune lib
346 silly idealTree:prePrune └─┬ express-generator@4.16.0
346 silly idealTree:prePrune   ├── balanced-match@1.0.0
346 silly idealTree:prePrune   ├── brace-expansion@1.1.11
346 silly idealTree:prePrune   ├── commander@2.13.0
346 silly idealTree:prePrune   ├── concat-map@0.0.1
346 silly idealTree:prePrune   ├── ejs@2.5.7
346 silly idealTree:prePrune   ├── minimatch@3.0.4
346 silly idealTree:prePrune   ├── minimist@0.0.8
346 silly idealTree:prePrune   ├── mkdirp@0.5.1
346 silly idealTree:prePrune   └── sorted-object@2.0.1
347 silly loadIdealTree Finishing
348 silly currentTree lib
349 silly idealTree lib
349 silly idealTree └─┬ express-generator@4.16.0
349 silly idealTree   ├── balanced-match@1.0.0
349 silly idealTree   ├── brace-expansion@1.1.11
349 silly idealTree   ├── commander@2.13.0
349 silly idealTree   ├── concat-map@0.0.1
349 silly idealTree   ├── ejs@2.5.7
349 silly idealTree   ├── minimatch@3.0.4
349 silly idealTree   ├── minimist@0.0.8
349 silly idealTree   ├── mkdirp@0.5.1
349 silly idealTree   └── sorted-object@2.0.1
350 silly generateActionsToTake Starting
351 silly install generateActionsToTake
352 warn checkPermissions Missing write access to /usr/local/lib
353 silly rollbackFailedOptional Starting
354 silly rollbackFailedOptional Finishing
355 silly runTopLevelLifecycles Starting
356 silly runTopLevelLifecycles Finishing
357 silly install printInstalled
358 verbose stack Error: EACCES: permission denied, access '/usr/local/lib'
359 verbose cwd /home/fernando/Escritorio/prueba2
360 error Linux 4.15.0-36-generic
361 error argv "/usr/bin/node" "/usr/bin/npm" "install" "express-generator" "-g"
362 error node v8.10.0
363 error npm  v3.5.2
364 error path /usr/local/lib
365 error code EACCES
366 error errno -13
367 error syscall access
368 error Error: EACCES: permission denied, access '/usr/local/lib'
368 error  { Error: EACCES: permission denied, access '/usr/local/lib'
368 error   errno: -13,
368 error   code: 'EACCES',
368 error   syscall: 'access',
368 error   path: '/usr/local/lib' }
369 error Please try running this command again as root/Administrator.
370 verbose exit [ -13, true ]
